2026-02-12T00:56:29+00:00 authenticate() called parsed={"email":"admin@talkabout.local","password":"iZE^Sb7?GszRGA"}
2026-02-12T00:56:29+00:00 authenticate() result valid=true data={"id":1,"username":"admin","email":"admin@talkabout.local","created":"2026-02-11T08:47:49+00:00","modified":"2026-02-11T08:47:49+00:00"}
2026-02-12T00:56:29+00:00 persistIdentity identity={"id":1,"username":"admin","email":"admin@talkabout.local","created":"2026-02-11T08:47:49+00:00","modified":"2026-02-11T08:47:49+00:00"}
2026-02-12T00:57:52+00:00 authenticate() called parsed={"email":"admin@talkabout.local","password":"iZE^Sb7?GszRGA"}
2026-02-12T00:57:52+00:00 authenticate() result valid=true data={"id":1,"username":"admin","email":"admin@talkabout.local","created":"2026-02-11T08:47:49+00:00","modified":"2026-02-11T08:47:49+00:00"}
2026-02-12T00:57:52+00:00 persistIdentity identity={"id":1,"username":"admin","email":"admin@talkabout.local","created":"2026-02-11T08:47:49+00:00","modified":"2026-02-11T08:47:49+00:00"}
2026-02-12T00:58:14+00:00 authenticate() called parsed=[]
2026-02-12T00:58:14+00:00 authenticate() result valid=true data={"id":1,"username":"admin","email":"admin@talkabout.local","created":"2026-02-11T08:47:49+00:00","modified":"2026-02-11T08:47:49+00:00"}
2026-02-12T00:58:14+00:00 persistIdentity identity={"id":1,"username":"admin","email":"admin@talkabout.local","created":"2026-02-11T08:47:49+00:00","modified":"2026-02-11T08:47:49+00:00"}
2026-02-12T00:58:35+00:00 authenticate() called parsed={"email":"admin@talkabout.local","password":"iZE^Sb7?GszRGA"}
2026-02-12T00:58:35+00:00 authenticate() result valid=true data={"id":1,"username":"admin","email":"admin@talkabout.local","created":"2026-02-11T08:47:49+00:00","modified":"2026-02-11T08:47:49+00:00"}
2026-02-12T00:58:35+00:00 persistIdentity identity={"id":1,"username":"admin","email":"admin@talkabout.local","created":"2026-02-11T08:47:49+00:00","modified":"2026-02-11T08:47:49+00:00"}
2026-02-12T00:58:44+00:00 authenticate() called parsed=[]
2026-02-12T00:58:44+00:00 authenticate() result valid=true data={"id":1,"username":"admin","email":"admin@talkabout.local","created":"2026-02-11T08:47:49+00:00","modified":"2026-02-11T08:47:49+00:00"}
2026-02-12T00:58:44+00:00 persistIdentity identity={"id":1,"username":"admin","email":"admin@talkabout.local","created":"2026-02-11T08:47:49+00:00","modified":"2026-02-11T08:47:49+00:00"}
2026-02-12T00:59:21+00:00 authenticate() called parsed={"email":"admin@talkabout.local","password":"iZE^Sb7?GszRGA"}
2026-02-12T00:59:21+00:00 authenticate() result valid=true data={"user":{"id":2,"email":"test@talkabout.local","username":"testuser"}}
2026-02-12T00:59:21+00:00 persistIdentity identity={"user":{"id":2,"email":"test@talkabout.local","username":"testuser"}}
2026-02-12T00:59:21+00:00 authenticate() called parsed=[]
2026-02-12T00:59:21+00:00 authenticate() result valid=true data={"user":{"id":2,"email":"test@talkabout.local","username":"testuser"}}
2026-02-12T00:59:21+00:00 persistIdentity identity={"user":{"id":2,"email":"test@talkabout.local","username":"testuser"}}
2026-02-12T00:59:21+00:00 authenticate() called parsed=[]
2026-02-12T00:59:21+00:00 authenticate() result valid=true data={"user":{"id":2,"email":"test@talkabout.local","username":"testuser"}}
2026-02-12T00:59:28+00:00 authenticate() called parsed=[]
2026-02-12T00:59:28+00:00 authenticate() result valid=true data={"user":{"id":2,"email":"test@talkabout.local","username":"testuser"}}
2026-02-12T00:59:28+00:00 persistIdentity identity={"user":{"id":2,"email":"test@talkabout.local","username":"testuser"}}
2026-02-12T00:59:28+00:00 authenticate() called parsed=[]
2026-02-12T00:59:28+00:00 authenticate() result valid=true data={"user":{"id":2,"email":"test@talkabout.local","username":"testuser"}}
2026-02-12T00:59:28+00:00 persistIdentity identity={"user":{"id":2,"email":"test@talkabout.local","username":"testuser"}}
2026-02-12T00:59:28+00:00 authenticate() called parsed=[]
2026-02-12T00:59:28+00:00 authenticate() result valid=true data={"user":{"id":2,"email":"test@talkabout.local","username":"testuser"}}
2026-02-12T01:00:03+00:00 authenticate() called parsed={"email":"admin@talkabout.local","password":"iZE^Sb7?GszRGA"}
2026-02-12T01:00:03+00:00 authenticate() result valid=true data={"user":{"id":2,"email":"test@talkabout.local","username":"testuser"}}
2026-02-12T01:00:03+00:00 persistIdentity identity={"user":{"id":2,"email":"test@talkabout.local","username":"testuser"}}
2026-02-12T01:00:03+00:00 authenticate() called parsed=[]
2026-02-12T01:00:03+00:00 authenticate() result valid=true data={"user":{"id":2,"email":"test@talkabout.local","username":"testuser"}}
2026-02-12T01:00:03+00:00 persistIdentity identity={"user":{"id":2,"email":"test@talkabout.local","username":"testuser"}}
2026-02-12T01:00:03+00:00 authenticate() called parsed=[]
2026-02-12T01:00:03+00:00 authenticate() result valid=true data={"user":{"id":2,"email":"test@talkabout.local","username":"testuser"}}
2026-02-12T01:00:25+00:00 authenticate() called parsed=[]
2026-02-12T01:00:25+00:00 authenticate() result valid=true data={"user":{"id":2,"email":"test@talkabout.local","username":"testuser"}}
2026-02-12T01:00:25+00:00 persistIdentity identity={"user":{"id":2,"email":"test@talkabout.local","username":"testuser"}}
2026-02-12T01:00:25+00:00 authenticate() called parsed=[]
2026-02-12T01:00:25+00:00 authenticate() result valid=true data={"user":{"id":2,"email":"test@talkabout.local","username":"testuser"}}
2026-02-12T01:00:25+00:00 persistIdentity identity={"user":{"id":2,"email":"test@talkabout.local","username":"testuser"}}
2026-02-12T01:00:25+00:00 authenticate() called parsed=[]
2026-02-12T01:00:25+00:00 authenticate() result valid=true data={"user":{"id":2,"email":"test@talkabout.local","username":"testuser"}}
2026-02-12T01:00:47+00:00 authenticate() called parsed={"email":"admin@talkabout.local","password":"iZE^Sb7?GszRGA"}
2026-02-12T01:00:47+00:00 authenticate() result valid=true data={"user":{"id":2,"email":"test@talkabout.local","username":"testuser"}}
2026-02-12T01:00:47+00:00 persistIdentity identity={"user":{"id":2,"email":"test@talkabout.local","username":"testuser"}}
2026-02-12T01:00:47+00:00 authenticate() called parsed=[]
2026-02-12T01:00:47+00:00 authenticate() result valid=true data={"user":{"id":2,"email":"test@talkabout.local","username":"testuser"}}
2026-02-12T01:00:47+00:00 persistIdentity identity={"user":{"id":2,"email":"test@talkabout.local","username":"testuser"}}
2026-02-12T01:00:47+00:00 authenticate() called parsed=[]
2026-02-12T01:00:47+00:00 authenticate() result valid=true data={"user":{"id":2,"email":"test@talkabout.local","username":"testuser"}}
2026-02-12T01:06:12+00:00 authenticate() called parsed=[]
2026-02-12T01:06:12+00:00 authenticate() result valid=true data={"id":1,"username":"admin","email":"admin@talkabout.local","created":"2026-02-11T08:47:49+00:00","modified":"2026-02-11T08:47:49+00:00"}
2026-02-12T01:06:12+00:00 persistIdentity identity={"id":1,"username":"admin","email":"admin@talkabout.local","created":"2026-02-11T08:47:49+00:00","modified":"2026-02-11T08:47:49+00:00"}
2026-02-12T01:06:12+00:00 authenticate() called parsed=[]
2026-02-12T01:06:12+00:00 authenticate() result valid=true data={"id":1,"username":"admin","email":"admin@talkabout.local","created":"2026-02-11T08:47:49+00:00","modified":"2026-02-11T08:47:49+00:00"}
2026-02-12T01:06:12+00:00 persistIdentity identity={"id":1,"username":"admin","email":"admin@talkabout.local","created":"2026-02-11T08:47:49+00:00","modified":"2026-02-11T08:47:49+00:00"}
2026-02-12T01:06:12+00:00 authenticate() called parsed=[]
2026-02-12T01:06:12+00:00 authenticate() result valid=true data={"id":1,"username":"admin","email":"admin@talkabout.local","created":"2026-02-11T08:47:49+00:00","modified":"2026-02-11T08:47:49+00:00"}
2026-02-12T01:06:12+00:00 persistIdentity identity={"id":1,"username":"admin","email":"admin@talkabout.local","created":"2026-02-11T08:47:49+00:00","modified":"2026-02-11T08:47:49+00:00"}
2026-02-12T01:06:12+00:00 authenticate() called parsed=[]
2026-02-12T01:06:12+00:00 authenticate() result valid=true data={"id":1,"username":"admin","email":"admin@talkabout.local","created":"2026-02-11T08:47:49+00:00","modified":"2026-02-11T08:47:49+00:00"}
2026-02-12T01:06:12+00:00 persistIdentity identity={"id":1,"username":"admin","email":"admin@talkabout.local","created":"2026-02-11T08:47:49+00:00","modified":"2026-02-11T08:47:49+00:00"}
2026-02-12T01:07:34+00:00 authenticate() called parsed=[]
2026-02-12T01:07:34+00:00 authenticate() result valid=true data={"id":1,"username":"admin","email":"admin@talkabout.local","created":"2026-02-11T08:47:49+00:00","modified":"2026-02-11T08:47:49+00:00"}
2026-02-12T01:07:34+00:00 persistIdentity identity={"id":1,"username":"admin","email":"admin@talkabout.local","created":"2026-02-11T08:47:49+00:00","modified":"2026-02-11T08:47:49+00:00"}
2026-02-12T01:07:34+00:00 authenticate() called parsed=[]
2026-02-12T01:07:34+00:00 authenticate() result valid=true data={"id":1,"username":"admin","email":"admin@talkabout.local","created":"2026-02-11T08:47:49+00:00","modified":"2026-02-11T08:47:49+00:00"}
2026-02-12T01:07:34+00:00 persistIdentity identity={"id":1,"username":"admin","email":"admin@talkabout.local","created":"2026-02-11T08:47:49+00:00","modified":"2026-02-11T08:47:49+00:00"}
2026-02-12T01:07:34+00:00 authenticate() called parsed=[]
2026-02-12T01:07:34+00:00 authenticate() result valid=true data={"id":1,"username":"admin","email":"admin@talkabout.local","created":"2026-02-11T08:47:49+00:00","modified":"2026-02-11T08:47:49+00:00"}
2026-02-12T01:07:34+00:00 persistIdentity identity={"id":1,"username":"admin","email":"admin@talkabout.local","created":"2026-02-11T08:47:49+00:00","modified":"2026-02-11T08:47:49+00:00"}
2026-02-12T01:07:34+00:00 authenticate() called parsed=[]
2026-02-12T01:07:34+00:00 authenticate() result valid=true data={"id":1,"username":"admin","email":"admin@talkabout.local","created":"2026-02-11T08:47:49+00:00","modified":"2026-02-11T08:47:49+00:00"}
2026-02-12T01:07:34+00:00 persistIdentity identity={"id":1,"username":"admin","email":"admin@talkabout.local","created":"2026-02-11T08:47:49+00:00","modified":"2026-02-11T08:47:49+00:00"}
2026-02-12T01:09:08+00:00 authenticate() called parsed=[]
2026-02-12T01:09:08+00:00 authenticate() result valid=true data={"id":1,"username":"admin","email":"admin@talkabout.local","created":"2026-02-11T08:47:49+00:00","modified":"2026-02-11T08:47:49+00:00"}
2026-02-12T01:09:08+00:00 persistIdentity identity={"id":1,"username":"admin","email":"admin@talkabout.local","created":"2026-02-11T08:47:49+00:00","modified":"2026-02-11T08:47:49+00:00"}
2026-02-12T01:09:08+00:00 authenticate() called parsed=[]
2026-02-12T01:09:08+00:00 authenticate() result valid=true data={"id":1,"username":"admin","email":"admin@talkabout.local","created":"2026-02-11T08:47:49+00:00","modified":"2026-02-11T08:47:49+00:00"}
2026-02-12T01:09:08+00:00 persistIdentity identity={"id":1,"username":"admin","email":"admin@talkabout.local","created":"2026-02-11T08:47:49+00:00","modified":"2026-02-11T08:47:49+00:00"}
2026-02-12T01:09:08+00:00 authenticate() called parsed=[]
2026-02-12T01:09:08+00:00 authenticate() result valid=true data={"id":1,"username":"admin","email":"admin@talkabout.local","created":"2026-02-11T08:47:49+00:00","modified":"2026-02-11T08:47:49+00:00"}
2026-02-12T01:09:08+00:00 persistIdentity identity={"id":1,"username":"admin","email":"admin@talkabout.local","created":"2026-02-11T08:47:49+00:00","modified":"2026-02-11T08:47:49+00:00"}
2026-02-12T01:09:08+00:00 authenticate() called parsed=[]
2026-02-12T01:09:08+00:00 authenticate() result valid=true data={"id":1,"username":"admin","email":"admin@talkabout.local","created":"2026-02-11T08:47:49+00:00","modified":"2026-02-11T08:47:49+00:00"}
2026-02-12T01:09:08+00:00 persistIdentity identity={"id":1,"username":"admin","email":"admin@talkabout.local","created":"2026-02-11T08:47:49+00:00","modified":"2026-02-11T08:47:49+00:00"}
2026-02-12T01:09:43+00:00 authenticate() called parsed=[]
2026-02-12T01:09:43+00:00 authenticate() result valid=false data=null
2026-02-12T01:09:43+00:00 authenticate() called parsed=[]
2026-02-12T01:09:43+00:00 authenticate() result valid=true data={"id":1,"username":"admin","email":"admin@talkabout.local","created":"2026-02-11T08:47:49+00:00","modified":"2026-02-11T08:47:49+00:00"}
2026-02-12T01:09:43+00:00 persistIdentity identity={"id":1,"username":"admin","email":"admin@talkabout.local","created":"2026-02-11T08:47:49+00:00","modified":"2026-02-11T08:47:49+00:00"}
2026-02-12T01:10:37+00:00 authenticate() called parsed=[]
2026-02-12T01:10:37+00:00 authenticate() result valid=true data={"user":{"id":2,"email":"test@talkabout.local","username":"testuser"}}
2026-02-12T01:10:37+00:00 persistIdentity identity={"user":{"id":2,"email":"test@talkabout.local","username":"testuser"}}
2026-02-12T01:10:37+00:00 authenticate() called parsed=[]
2026-02-12T01:10:37+00:00 authenticate() result valid=true data={"user":{"id":2,"email":"test@talkabout.local","username":"testuser"}}
2026-02-12T01:10:37+00:00 persistIdentity identity={"user":{"id":2,"email":"test@talkabout.local","username":"testuser"}}
2026-02-12T01:10:37+00:00 authenticate() called parsed=[]
2026-02-12T01:10:37+00:00 authenticate() result valid=true data={"user":{"id":2,"email":"test@talkabout.local","username":"testuser"}}
2026-02-12T01:10:44+00:00 authenticate() called parsed={"email":"admin@talkabout.local","password":"iZE^Sb7?GszRGA"}
2026-02-12T01:10:44+00:00 authenticate() result valid=true data={"user":{"id":2,"email":"test@talkabout.local","username":"testuser"}}
2026-02-12T01:10:44+00:00 persistIdentity identity={"user":{"id":2,"email":"test@talkabout.local","username":"testuser"}}
2026-02-12T01:10:44+00:00 authenticate() called parsed=[]
2026-02-12T01:10:44+00:00 authenticate() result valid=true data={"user":{"id":2,"email":"test@talkabout.local","username":"testuser"}}
2026-02-12T01:10:44+00:00 persistIdentity identity={"user":{"id":2,"email":"test@talkabout.local","username":"testuser"}}
2026-02-12T01:10:44+00:00 authenticate() called parsed=[]
2026-02-12T01:10:44+00:00 authenticate() result valid=true data={"user":{"id":2,"email":"test@talkabout.local","username":"testuser"}}
2026-02-12T01:13:08+00:00 authenticate() called parsed=[]
2026-02-12T01:13:08+00:00 authenticate() result valid=true data={"user":{"id":2,"email":"test@talkabout.local","username":"testuser"}}
2026-02-12T01:13:08+00:00 persistIdentity identity={"user":{"id":2,"email":"test@talkabout.local","username":"testuser"}}
2026-02-12T01:13:08+00:00 authenticate() called parsed=[]
2026-02-12T01:13:08+00:00 authenticate() result valid=true data={"user":{"id":2,"email":"test@talkabout.local","username":"testuser"}}
2026-02-12T01:13:08+00:00 persistIdentity identity={"user":{"id":2,"email":"test@talkabout.local","username":"testuser"}}
2026-02-12T01:13:09+00:00 authenticate() called parsed=[]
2026-02-12T01:13:09+00:00 authenticate() result valid=true data={"user":{"id":2,"email":"test@talkabout.local","username":"testuser"}}
